<?xml version="1.0" encoding="UTF-8"?>
<testng-results ignored="0" total="1" passed="1" failed="0" skipped="0">
  <reporter-output>
  </reporter-output>
  <suite started-at="2023-06-27T21:32:37 IST" name="Default suite" finished-at="2023-06-27T21:33:18 IST" duration-ms="40494">
    <groups>
    </groups>
    <test started-at="2023-06-27T21:32:37 IST" name="Default test" finished-at="2023-06-27T21:33:18 IST" duration-ms="40494">
      <class name="loginTC.Login_TC">
        <test-method is-config="true" signature="setUp()[pri:0, instance:loginTC.Login_TC@645aa696]" started-at="2023-06-27T21:32:36 IST" name="setUp" finished-at="2023-06-27T21:32:37 IST" duration-ms="1845" status="PASS">
          <reporter-output>
          </reporter-output>
        </test-method> <!-- setUp -->
        <test-method signature="login()[pri:0, instance:loginTC.Login_TC@645aa696]" started-at="2023-06-27T21:32:37 IST" name="login" finished-at="2023-06-27T21:33:18 IST" duration-ms="40467" status="PASS">
          <reporter-output>
          </reporter-output>
        </test-method> <!-- login -->
        <test-method is-config="true" signature="tearDown()[pri:0, instance:loginTC.Login_TC@645aa696]" started-at="2023-06-27T21:33:18 IST" name="tearDown" finished-at="2023-06-27T21:33:19 IST" duration-ms="1225" status="PASS">
          <reporter-output>
          </reporter-output>
        </test-method> <!-- tearDown -->
      </class> <!-- loginTC.Login_TC -->
    </test> <!-- Default test -->
  </suite> <!-- Default suite -->
</testng-results>
